<?xml version="1.0" encoding="UTF-8"?>
<!-- Generated by org.testng.reporters.JUnitReportReporter -->
<testsuite hostname="SaharAhmed" name="tests.RegisterTest" tests="1" failures="0" timestamp="22 Apr 2021 19:22:43 GMT" time="12.269" errors="0">
  <testcase name="testregister" time="12.269" classname="tests.RegisterTest"/>
</testsuite> <!-- tests.RegisterTest -->
