<?xml version="1.0" encoding="UTF-8"?>
<!-- Generated by org.testng.reporters.JUnitReportReporter -->
<testsuite hostname="SaharAhmed" name="tests.LoginPageTest" tests="1" failures="0" timestamp="22 Apr 2021 19:22:09 GMT" time="5.773" errors="0">
  <testcase name="validusernameAndinvalidpassword" time="5.773" classname="tests.LoginPageTest"/>
</testsuite> <!-- tests.LoginPageTest -->
